<?xml version="1.0" encoding="UTF-8"?>
<testsuite xmlns:xsi="http://www.w3.org/2001/XMLSchema-instance" xsi:schemaLocation="https://maven.apache.org/surefire/maven-surefire-plugin/xsd/surefire-test-report.xsd" name="SnmpFilterTest" time="5.402" tests="27" errors="0" skipped="0" failures="6">
  <properties>
    <property name="java.runtime.name" value="OpenJDK Runtime Environment"/>
    <property name="java.vm.version" value="15.0.2+7"/>
    <property name="sun.boot.library.path" value="/usr/local/Cellar/openjdk/15.0.2/libexec/openjdk.jdk/Contents/Home/lib"/>
    <property name="maven.multiModuleProjectDirectory" value="/Users/alfinsamuel/Documents/TestTarget"/>
    <property name="java.vm.vendor" value="Oracle Corporation"/>
    <property name="java.vendor.url" value="https://openjdk.java.net/"/>
    <property name="guice.disable.misplaced.annotation.check" value="true"/>
    <property name="path.separator" value=":"/>
    <property name="java.vm.name" value="OpenJDK 64-Bit Server VM"/>
    <property name="user.country" value="CA"/>
    <property name="sun.java.launcher" value="SUN_STANDARD"/>
    <property name="test" value="SnmpFilterTest"/>
    <property name="java.vm.specification.name" value="Java Virtual Machine Specification"/>
    <property name="user.dir" value="/Users/alfinsamuel/Documents/TestTarget"/>
    <property name="java.vm.compressedOopsMode" value="Zero based"/>
    <property name="java.runtime.version" value="15.0.2+7"/>
    <property name="os.arch" value="x86_64"/>
    <property name="java.io.tmpdir" value="/var/folders/lp/csjcpzd16_vfjx4cm5y2y8hc0000gn/T/"/>
    <property name="line.separator" value="&#10;"/>
    <property name="java.vm.specification.vendor" value="Oracle Corporation"/>
    <property name="os.name" value="Mac OS X"/>
    <property name="classworlds.conf" value="/usr/local/Cellar/maven/3.6.3_1/libexec/bin/m2.conf"/>
    <property name="sun.jnu.encoding" value="UTF-8"/>
    <property name="java.library.path" value="/Users/alfinsamuel/Library/Java/Extensions:/Library/Java/Extensions:/Network/Library/Java/Extensions:/System/Library/Java/Extensions:/usr/lib/java:."/>
    <property name="maven.conf" value="/usr/local/Cellar/maven/3.6.3_1/libexec/conf"/>
    <property name="jdk.debug" value="release"/>
    <property name="java.class.version" value="59.0"/>
    <property name="java.specification.name" value="Java Platform API Specification"/>
    <property name="sun.management.compiler" value="HotSpot 64-Bit Tiered Compilers"/>
    <property name="os.version" value="11.6.1"/>
    <property name="library.jansi.path" value="/usr/local/Cellar/maven/3.6.3_1/libexec/lib/jansi-native"/>
    <property name="http.nonProxyHosts" value="local|*.local|169.254/16|*.169.254/16"/>
    <property name="user.home" value="/Users/alfinsamuel"/>
    <property name="user.timezone" value="America/Toronto"/>
    <property name="file.encoding" value="UTF-8"/>
    <property name="java.specification.version" value="15"/>
    <property name="user.name" value="alfinsamuel"/>
    <property name="java.class.path" value="/usr/local/Cellar/maven/3.6.3_1/libexec/boot/plexus-classworlds-2.6.0.jar"/>
    <property name="java.vm.specification.version" value="15"/>
    <property name="sun.arch.data.model" value="64"/>
    <property name="sun.java.command" value="org.codehaus.plexus.classworlds.launcher.Launcher clean install -Dtest=SnmpFilterTest"/>
    <property name="java.home" value="/usr/local/Cellar/openjdk/15.0.2/libexec/openjdk.jdk/Contents/Home"/>
    <property name="user.language" value="en"/>
    <property name="java.specification.vendor" value="Oracle Corporation"/>
    <property name="java.vm.info" value="mixed mode, sharing"/>
    <property name="java.version" value="15.0.2"/>
    <property name="java.vendor" value="N/A"/>
    <property name="maven.home" value="/usr/local/Cellar/maven/3.6.3_1/libexec"/>
    <property name="file.separator" value="/"/>
    <property name="java.version.date" value="2021-01-19"/>
    <property name="java.vendor.url.bug" value="https://bugreport.java.com/bugreport/"/>
    <property name="sun.io.unicode.encoding" value="UnicodeBig"/>
    <property name="sun.cpu.endian" value="little"/>
    <property name="socksNonProxyHosts" value="local|*.local|169.254/16|*.169.254/16"/>
    <property name="ftp.nonProxyHosts" value="local|*.local|169.254/16|*.169.254/16"/>
  </properties>
  <testcase name="testIfAppPrintsHelpDetails" classname="SnmpFilterTest" time="0.046"/>
  <testcase name="testIfSnmpIsFiltered" classname="SnmpFilterTest" time="0.198"/>
  <testcase name="testIfSnmpIsFiltered" classname="SnmpFilterTest" time="0.181"/>
  <testcase name="testIfSnmpIsFiltered" classname="SnmpFilterTest" time="0.209"/>
  <testcase name="testIfSnmpIsFiltered" classname="SnmpFilterTest" time="0.192"/>
  <testcase name="testIfSnmpIsFiltered" classname="SnmpFilterTest" time="0.171"/>
  <testcase name="testIfSnmpIsFiltered" classname="SnmpFilterTest" time="0.194"/>
  <testcase name="testIfSnmpIsFiltered" classname="SnmpFilterTest" time="0.183"/>
  <testcase name="testIfSnmpIsFiltered" classname="SnmpFilterTest" time="0.179"/>
  <testcase name="testIfSnmpIsFiltered" classname="SnmpFilterTest" time="0.17"/>
  <testcase name="testIfSnmpIsFiltered" classname="SnmpFilterTest" time="0.18">
    <failure message=" Trap is not validated. expected [true] but found [false]" type="java.lang.AssertionError">java.lang.AssertionError:  Trap is not validated. expected [true] but found [false]
	at SnmpFilterTest.testIfSnmpIsFiltered(SnmpFilterTest.java:30)
</failure>
    <system-out><![CDATA[ :) :) :) :) :) :) :)
Enter an OID to process.
Enter 'quit' to exit at any time.


.9943.234: false

Exiting. Exception: No line found
]]></system-out>
  </testcase>
  <testcase name="testIfSnmpIsFiltered" classname="SnmpFilterTest" time="0.172">
    <failure message=" Trap is not validated. expected [true] but found [false]" type="java.lang.AssertionError">java.lang.AssertionError:  Trap is not validated. expected [true] but found [false]
	at SnmpFilterTest.testIfSnmpIsFiltered(SnmpFilterTest.java:30)
</failure>
    <system-out><![CDATA[:(    :(      :(
Enter an OID to process.
Enter 'quit' to exit at any time.


.1.234.10.20: false

Exiting. Exception: No line found
]]></system-out>
  </testcase>
  <testcase name="testIfSnmpIsFiltered" classname="SnmpFilterTest" time="0.17"/>
  <testcase name="testIfSnmpIsFilteredBasedOnCustomYaml" classname="SnmpFilterTest" time="0.171"/>
  <testcase name="testIfSnmpIsFilteredBasedOnCustomYaml" classname="SnmpFilterTest" time="0.177"/>
  <testcase name="testIfSnmpIsFilteredBasedOnCustomYaml" classname="SnmpFilterTest" time="0.175"/>
  <testcase name="testIfSnmpIsFilteredBasedOnCustomYaml" classname="SnmpFilterTest" time="0.172"/>
  <testcase name="testIfSnmpIsFilteredBasedOnCustomYaml" classname="SnmpFilterTest" time="0.173"/>
  <testcase name="testIfSnmpIsFilteredBasedOnCustomYaml" classname="SnmpFilterTest" time="0.173"/>
  <testcase name="testIfSnmpIsFilteredBasedOnCustomYaml" classname="SnmpFilterTest" time="0.17"/>
  <testcase name="testIfSnmpIsFilteredBasedOnCustomYaml" classname="SnmpFilterTest" time="0.172"/>
  <testcase name="testIfSnmpIsFilteredBasedOnCustomYaml" classname="SnmpFilterTest" time="0.179">
    <failure message=" Trap is not validated. expected [true] but found [false]" type="java.lang.AssertionError">java.lang.AssertionError:  Trap is not validated. expected [true] but found [false]
	at SnmpFilterTest.testIfSnmpIsFilteredBasedOnCustomYaml(SnmpFilterTest.java:40)
</failure>
    <system-out><![CDATA[ :) :) :) :) :) :) :)
$$$$$$$File$$$$$ - /Users/alfinsamuel/Documents/TestTarget/snmpTest.yaml
Enter an OID to process.
Enter 'quit' to exit at any time.


.2.4.6.1.4.1.9.10.137.0.1.23.23.23.4.5: false

Exiting. Exception: No line found
]]></system-out>
  </testcase>
  <testcase name="testIfSnmpIsFilteredBasedOnCustomYaml" classname="SnmpFilterTest" time="0.169">
    <failure message=" Trap is not validated. expected [true] but found [false]" type="java.lang.AssertionError">java.lang.AssertionError:  Trap is not validated. expected [true] but found [false]
	at SnmpFilterTest.testIfSnmpIsFilteredBasedOnCustomYaml(SnmpFilterTest.java:40)
</failure>
    <system-out><![CDATA[:(    :(      :(
$$$$$$$File$$$$$ - /Users/alfinsamuel/Documents/TestTarget/snmpTest.yaml
Enter an OID to process.
Enter 'quit' to exit at any time.


.9943.234: false

Exiting. Exception: No line found
]]></system-out>
  </testcase>
  <testcase name="testIfSnmpIsFilteredBasedOnCustomYaml" classname="SnmpFilterTest" time="0.171">
    <failure message=" Trap is not validated. expected [true] but found [false]" type="java.lang.AssertionError">java.lang.AssertionError:  Trap is not validated. expected [true] but found [false]
	at SnmpFilterTest.testIfSnmpIsFilteredBasedOnCustomYaml(SnmpFilterTest.java:40)
</failure>
    <system-out><![CDATA[:(    :(      :(
$$$$$$$File$$$$$ - /Users/alfinsamuel/Documents/TestTarget/snmpTest.yaml
Enter an OID to process.
Enter 'quit' to exit at any time.


.1.234.10.20: false

Exiting. Exception: No line found
]]></system-out>
  </testcase>
  <testcase name="testIfSnmpIsFilteredBasedOnCustomYaml" classname="SnmpFilterTest" time="0.172"/>
  <testcase name="testIfTheApplicationStartFailsWhenEmptyYamlIsProvided" classname="SnmpFilterTest" time="0.152">
    <failure message="expected [true] but found [false]" type="java.lang.AssertionError">java.lang.AssertionError: expected [true] but found [false]
	at SnmpFilterTest.testIfTheApplicationStartFailsWhenEmptyYamlIsProvided(SnmpFilterTest.java:69)
</failure>
    <system-out><![CDATA[ :) :) :) :) :) :) :)
$$$$$$$File$$$$$ - /Users/alfinsamuel/Documents/TestTarget/snmpTestEmptyList.yaml
Error: Loader: no oids defined under key 'trap-type-oid-prefix'
]]></system-out>
  </testcase>
  <testcase name="testIfTheApplicationStartFailsWhenInvalidYamlIsProvided" classname="SnmpFilterTest" time="0.137"/>
</testsuite>